TN:
SF:controllers/sum.js
FN:1,(anonymous_0)
FNF:1
FNH:1
FNDA:3,(anonymous_0)
DA:1,1
DA:2,3
LF:2
LH:2
BRF:0
BRH:0
end_of_record
TN:
SF:utils/service/counterCost.js
FN:2,(anonymous_0)
FNF:1
FNH:1
FNDA:18,(anonymous_0)
DA:2,1
DA:4,18
DA:5,18
DA:6,18
DA:9,18
DA:10,9
DA:11,9
DA:12,9
DA:13,9
DA:14,9
DA:18,18
DA:19,18
DA:20,8
DA:21,8
DA:25,18
DA:26,18
DA:27,12
DA:28,12
DA:31,18
DA:32,10
DA:35,18
DA:38,1
LF:22
LH:22
BRDA:9,0,0,9
BRDA:9,0,1,9
BRDA:12,1,0,9
BRDA:12,1,1,0
BRDA:19,2,0,8
BRDA:19,2,1,10
BRDA:26,3,0,12
BRDA:26,3,1,6
BRDA:31,4,0,10
BRDA:31,4,1,8
BRF:10
BRH:9
end_of_record
